build/app/intermediates/manifest_merge_blame_file/debug/manifest-merger-blame-debug-report.txt
1<?xml version="1.0" encoding="utf-8"?>
2<manifest xmlns:android="http://schemas.android.com/apk/res/android"
3    package="com.example.flutter_app"
4    android:versionCode="1"
5    android:versionName="1.0.0" >
6
7    <uses-sdk
8        android:minSdkVersion="16"
9        android:targetSdkVersion="28" />
10    <!--
11         Flutter needs it to communicate with the running application
12         to allow setting breakpoints, to provide hot reload, etc.
13    -->
14    <uses-permission android:name="android.permission.INTERNET" />
14-->src/debug/AndroidManifest.xml:6:5-66
14-->src/debug/AndroidManifest.xml:6:22-64
15    <uses-permission android:name="android.permission.READ_EXTERNAL_STORAGE" />
15-->[:image_picker] AndroidManifest.xml:7:5-80
15-->[:image_picker] AndroidManifest.xml:7:22-77
16    <uses-permission android:name="android.permission.WRITE_EXTERNAL_STORAGE" /> <!-- Although the *SdkVersion is captured in gradle build files, this is required for non gradle builds -->
16-->[:image_picker] AndroidManifest.xml:8:5-81
16-->[:image_picker] AndroidManifest.xml:8:22-78
17    <!-- <uses-sdk android:minSdkVersion="14" /> -->
18    <uses-permission android:name="android.permission.ACCESS_NETWORK_STATE" />
18-->[com.google.firebase:firebase-firestore:21.4.3] AndroidManifest.xml:13:5-79
18-->[com.google.firebase:firebase-firestore:21.4.3] AndroidManifest.xml:13:22-76
19    <uses-permission android:name="android.permission.WAKE_LOCK" /> <!-- Required by older versions of Google Play services to create IID tokens -->
19-->[com.google.android.gms:play-services-measurement-api:17.4.1] AndroidManifest.xml:24:5-68
19-->[com.google.android.gms:play-services-measurement-api:17.4.1] AndroidManifest.xml:24:22-65
20    <uses-permission android:name="com.google.android.c2dm.permission.RECEIVE" />
20-->[com.google.firebase:firebase-iid:20.1.5] AndroidManifest.xml:26:5-82
20-->[com.google.firebase:firebase-iid:20.1.5] AndroidManifest.xml:26:22-79
21    <uses-permission android:name="com.google.android.finsky.permission.BIND_GET_INSTALL_REFERRER_SERVICE" />
21-->[com.google.android.gms:play-services-measurement:17.4.1] AndroidManifest.xml:26:5-110
21-->[com.google.android.gms:play-services-measurement:17.4.1] AndroidManifest.xml:26:22-107
22    <!--
23 io.flutter.app.FlutterApplication is an android.app.Application that
24         calls FlutterMain.startInitialization(this); in its onCreate method.
25         In most cases you can leave this as-is, but you if you want to provide
26         additional functionality it is fine to subclass or reimplement
27         FlutterApplication and put your custom class here.
28    -->
29    <application
29-->src/main/AndroidManifest.xml:8:5-46:19
30        android:name="io.flutter.app.FlutterApplication"
30-->src/main/AndroidManifest.xml:9:9-57
31        android:appComponentFactory="androidx.core.app.CoreComponentFactory"
31-->[androidx.core:core:1.1.0] AndroidManifest.xml:24:18-86
32        android:debuggable="true"
33        android:icon="@mipmap/ic_launcher"
33-->src/main/AndroidManifest.xml:11:9-43
34        android:label="Dine N&apos; Dash" >
34-->src/main/AndroidManifest.xml:10:9-31
35        <activity
35-->src/main/AndroidManifest.xml:12:9-40:20
36            android:name="com.example.flutter_app.MainActivity"
36-->src/main/AndroidManifest.xml:13:13-41
37            android:configChanges="orientation|keyboardHidden|keyboard|screenSize|smallestScreenSize|locale|layoutDirection|fontScale|screenLayout|density|uiMode"
37-->src/main/AndroidManifest.xml:16:13-163
38            android:hardwareAccelerated="true"
38-->src/main/AndroidManifest.xml:17:13-47
39            android:launchMode="singleTop"
39-->src/main/AndroidManifest.xml:14:13-43
40            android:theme="@style/LaunchTheme"
40-->src/main/AndroidManifest.xml:15:13-47
41            android:windowSoftInputMode="adjustResize" >
41-->src/main/AndroidManifest.xml:18:13-55
42
43            <!--
44                 Specifies an Android theme to apply to this Activity as soon as
45                 the Android process has started. This theme is visible to the user
46                 while the Flutter UI initializes. After that, this theme continues
47                 to determine the Window background behind the Flutter UI.
48            -->
49            <meta-data
49-->src/main/AndroidManifest.xml:23:13-26:17
50                android:name="io.flutter.embedding.android.NormalTheme"
50-->src/main/AndroidManifest.xml:24:15-70
51                android:resource="@style/NormalTheme" />
51-->src/main/AndroidManifest.xml:25:15-52
52            <!--
53                 Displays an Android View that continues showing the launch screen
54                 Drawable until Flutter paints its first frame, then this splash
55                 screen fades out. A splash screen is useful to avoid any visual
56                 gap between the end of Android's launch screen and the painting of
57                 Flutter's first frame.
58            -->
59            <meta-data
59-->src/main/AndroidManifest.xml:32:13-35:17
60                android:name="io.flutter.embedding.android.SplashScreenDrawable"
60-->src/main/AndroidManifest.xml:33:15-79
61                android:resource="@drawable/launch_background" />
61-->src/main/AndroidManifest.xml:34:15-61
62
63            <intent-filter>
63-->src/main/AndroidManifest.xml:36:13-39:29
64                <action android:name="android.intent.action.MAIN" />
64-->src/main/AndroidManifest.xml:37:17-68
64-->src/main/AndroidManifest.xml:37:25-66
65
66                <category android:name="android.intent.category.LAUNCHER" />
66-->src/main/AndroidManifest.xml:38:17-76
66-->src/main/AndroidManifest.xml:38:27-74
67            </intent-filter>
68        </activity>
69        <!--
70             Don't delete the meta-data below.
71             This is used by the Flutter tool to generate GeneratedPluginRegistrant.java
72        -->
73        <meta-data
73-->src/main/AndroidManifest.xml:43:9-45:33
74            android:name="flutterEmbedding"
74-->src/main/AndroidManifest.xml:44:13-44
75            android:value="2" />
75-->src/main/AndroidManifest.xml:45:13-30
76
77        <service
77-->[:firebase_auth] AndroidManifest.xml:8:9-12:19
78            android:name="com.google.firebase.components.ComponentDiscoveryService"
78-->[:firebase_auth] AndroidManifest.xml:8:18-89
79            android:directBootAware="true"
79-->[com.google.firebase:firebase-common:19.3.0] AndroidManifest.xml:34:13-43
80            android:exported="false" >
80-->[com.google.firebase:firebase-auth:19.3.1] AndroidManifest.xml:35:13-37
81            <meta-data
81-->[:firebase_auth] AndroidManifest.xml:9:13-11:85
82                android:name="com.google.firebase.components:io.flutter.plugins.firebase.auth.FlutterFirebaseAuthRegistrar"
82-->[:firebase_auth] AndroidManifest.xml:10:17-124
83                android:value="com.google.firebase.components.ComponentRegistrar" />
83-->[:firebase_auth] AndroidManifest.xml:11:17-82
84            <meta-data
84-->[:cloud_firestore] AndroidManifest.xml:9:13-11:85
85                android:name="com.google.firebase.components:io.flutter.plugins.firebase.firestore.FlutterFirebaseFirestoreRegistrar"
85-->[:cloud_firestore] AndroidManifest.xml:10:17-134
86                android:value="com.google.firebase.components.ComponentRegistrar" />
86-->[:cloud_firestore] AndroidManifest.xml:11:17-82
87            <meta-data
87-->[:firebase_core] AndroidManifest.xml:9:13-11:85
88                android:name="com.google.firebase.components:io.flutter.plugins.firebase.core.FlutterFirebaseCoreRegistrar"
88-->[:firebase_core] AndroidManifest.xml:10:17-124
89                android:value="com.google.firebase.components.ComponentRegistrar" />
89-->[:firebase_core] AndroidManifest.xml:11:17-82
90            <meta-data
90-->[com.google.firebase:firebase-auth:19.3.1] AndroidManifest.xml:36:13-38:85
91                android:name="com.google.firebase.components:com.google.firebase.auth.FirebaseAuthRegistrar"
91-->[com.google.firebase:firebase-auth:19.3.1] AndroidManifest.xml:37:17-109
92                android:value="com.google.firebase.components.ComponentRegistrar" />
92-->[com.google.firebase:firebase-auth:19.3.1] AndroidManifest.xml:38:17-82
93            <meta-data
93-->[com.google.firebase:firebase-firestore:21.4.3] AndroidManifest.xml:20:13-22:85
94                android:name="com.google.firebase.components:com.google.firebase.firestore.FirestoreRegistrar"
94-->[com.google.firebase:firebase-firestore:21.4.3] AndroidManifest.xml:21:17-111
95                android:value="com.google.firebase.components.ComponentRegistrar" />
95-->[com.google.firebase:firebase-firestore:21.4.3] AndroidManifest.xml:22:17-82
96            <meta-data
96-->[com.google.android.gms:play-services-measurement-api:17.4.1] AndroidManifest.xml:30:13-32:85
97                android:name="com.google.firebase.components:com.google.firebase.analytics.connector.internal.AnalyticsConnectorRegistrar"
97-->[com.google.android.gms:play-services-measurement-api:17.4.1] AndroidManifest.xml:31:17-139
98                android:value="com.google.firebase.components.ComponentRegistrar" />
98-->[com.google.android.gms:play-services-measurement-api:17.4.1] AndroidManifest.xml:32:17-82
99            <meta-data
99-->[com.google.firebase:firebase-iid:20.1.5] AndroidManifest.xml:32:13-34:85
100                android:name="com.google.firebase.components:com.google.firebase.iid.Registrar"
100-->[com.google.firebase:firebase-iid:20.1.5] AndroidManifest.xml:33:17-96
101                android:value="com.google.firebase.components.ComponentRegistrar" />
101-->[com.google.firebase:firebase-iid:20.1.5] AndroidManifest.xml:34:17-82
102            <meta-data
102-->[com.google.firebase:firebase-installations:16.2.1] AndroidManifest.xml:17:13-19:85
103                android:name="com.google.firebase.components:com.google.firebase.installations.FirebaseInstallationsRegistrar"
103-->[com.google.firebase:firebase-installations:16.2.1] AndroidManifest.xml:18:17-127
104                android:value="com.google.firebase.components.ComponentRegistrar" />
104-->[com.google.firebase:firebase-installations:16.2.1] AndroidManifest.xml:19:17-82
105        </service>
106
107        <provider
107-->[:image_picker] AndroidManifest.xml:11:9-19:20
108            android:name="io.flutter.plugins.imagepicker.ImagePickerFileProvider"
108-->[:image_picker] AndroidManifest.xml:12:13-82
109            android:authorities="com.example.flutter_app.flutter.image_provider"
109-->[:image_picker] AndroidManifest.xml:13:13-74
110            android:exported="false"
110-->[:image_picker] AndroidManifest.xml:14:13-37
111            android:grantUriPermissions="true" >
111-->[:image_picker] AndroidManifest.xml:15:13-47
112            <meta-data
112-->[:image_picker] AndroidManifest.xml:16:13-18:75
113                android:name="android.support.FILE_PROVIDER_PATHS"
113-->[:image_picker] AndroidManifest.xml:17:17-67
114                android:resource="@xml/flutter_image_picker_file_paths" />
114-->[:image_picker] AndroidManifest.xml:18:17-72
115        </provider>
116
117        <activity
117-->[com.google.firebase:firebase-auth:19.3.1] AndroidManifest.xml:24:9-31:50
118            android:name="com.google.firebase.auth.internal.FederatedSignInActivity"
118-->[com.google.firebase:firebase-auth:19.3.1] AndroidManifest.xml:25:13-85
119            android:excludeFromRecents="true"
119-->[com.google.firebase:firebase-auth:19.3.1] AndroidManifest.xml:26:13-46
120            android:exported="true"
120-->[com.google.firebase:firebase-auth:19.3.1] AndroidManifest.xml:27:13-36
121            android:launchMode="singleTask"
121-->[com.google.firebase:firebase-auth:19.3.1] AndroidManifest.xml:28:13-44
122            android:permission="com.google.firebase.auth.api.gms.permission.LAUNCH_FEDERATED_SIGN_IN"
122-->[com.google.firebase:firebase-auth:19.3.1] AndroidManifest.xml:29:13-102
123            android:theme="@android:style/Theme.Translucent.NoTitleBar" />
123-->[com.google.firebase:firebase-auth:19.3.1] AndroidManifest.xml:30:13-72
124        <activity
124-->[com.google.android.gms:play-services-auth:16.0.1] AndroidManifest.xml:23:9-27:75
125            android:name="com.google.android.gms.auth.api.signin.internal.SignInHubActivity"
125-->[com.google.android.gms:play-services-auth:16.0.1] AndroidManifest.xml:24:13-93
126            android:excludeFromRecents="true"
126-->[com.google.android.gms:play-services-auth:16.0.1] AndroidManifest.xml:25:13-46
127            android:exported="false"
127-->[com.google.android.gms:play-services-auth:16.0.1] AndroidManifest.xml:26:13-37
128            android:theme="@android:style/Theme.Translucent.NoTitleBar" />
128-->[com.google.android.gms:play-services-auth:16.0.1] AndroidManifest.xml:27:13-72
129        <!--
130            Service handling Google Sign-In user revocation. For apps that do not integrate with
131            Google Sign-In, this service will never be started.
132        -->
133        <service
133-->[com.google.android.gms:play-services-auth:16.0.1] AndroidManifest.xml:33:9-36:110
134            android:name="com.google.android.gms.auth.api.signin.RevocationBoundService"
134-->[com.google.android.gms:play-services-auth:16.0.1] AndroidManifest.xml:34:13-89
135            android:exported="true"
135-->[com.google.android.gms:play-services-auth:16.0.1] AndroidManifest.xml:35:13-36
136            android:permission="com.google.android.gms.auth.api.signin.permission.REVOCATION_NOTIFICATION" />
136-->[com.google.android.gms:play-services-auth:16.0.1] AndroidManifest.xml:36:13-107
137
138        <receiver
138-->[com.google.firebase:firebase-iid:20.1.5] AndroidManifest.xml:37:9-44:20
139            android:name="com.google.firebase.iid.FirebaseInstanceIdReceiver"
139-->[com.google.firebase:firebase-iid:20.1.5] AndroidManifest.xml:38:13-78
140            android:exported="true"
140-->[com.google.firebase:firebase-iid:20.1.5] AndroidManifest.xml:39:13-36
141            android:permission="com.google.android.c2dm.permission.SEND" >
141-->[com.google.firebase:firebase-iid:20.1.5] AndroidManifest.xml:40:13-73
142            <intent-filter>
142-->[com.google.firebase:firebase-iid:20.1.5] AndroidManifest.xml:41:13-43:29
143                <action android:name="com.google.android.c2dm.intent.RECEIVE" />
143-->[com.google.firebase:firebase-iid:20.1.5] AndroidManifest.xml:42:17-81
143-->[com.google.firebase:firebase-iid:20.1.5] AndroidManifest.xml:42:25-78
144            </intent-filter>
145        </receiver>
146
147        <activity
147-->[com.google.android.gms:play-services-base:17.1.0] AndroidManifest.xml:23:9-26:75
148            android:name="com.google.android.gms.common.api.GoogleApiActivity"
148-->[com.google.android.gms:play-services-base:17.1.0] AndroidManifest.xml:24:13-79
149            android:exported="false"
149-->[com.google.android.gms:play-services-base:17.1.0] AndroidManifest.xml:25:13-37
150            android:theme="@android:style/Theme.Translucent.NoTitleBar" />
150-->[com.google.android.gms:play-services-base:17.1.0] AndroidManifest.xml:26:13-72
151
152        <provider
152-->[com.google.firebase:firebase-common:19.3.0] AndroidManifest.xml:26:9-30:39
153            android:name="com.google.firebase.provider.FirebaseInitProvider"
153-->[com.google.firebase:firebase-common:19.3.0] AndroidManifest.xml:27:13-77
154            android:authorities="com.example.flutter_app.firebaseinitprovider"
154-->[com.google.firebase:firebase-common:19.3.0] AndroidManifest.xml:28:13-72
155            android:exported="false"
155-->[com.google.firebase:firebase-common:19.3.0] AndroidManifest.xml:29:13-37
156            android:initOrder="100" />
156-->[com.google.firebase:firebase-common:19.3.0] AndroidManifest.xml:30:13-36
157
158        <receiver
158-->[com.google.android.gms:play-services-measurement:17.4.1] AndroidManifest.xml:29:9-33:20
159            android:name="com.google.android.gms.measurement.AppMeasurementReceiver"
159-->[com.google.android.gms:play-services-measurement:17.4.1] AndroidManifest.xml:30:13-85
160            android:enabled="true"
160-->[com.google.android.gms:play-services-measurement:17.4.1] AndroidManifest.xml:31:13-35
161            android:exported="false" >
161-->[com.google.android.gms:play-services-measurement:17.4.1] AndroidManifest.xml:32:13-37
162        </receiver>
163
164        <service
164-->[com.google.android.gms:play-services-measurement:17.4.1] AndroidManifest.xml:35:9-38:40
165            android:name="com.google.android.gms.measurement.AppMeasurementService"
165-->[com.google.android.gms:play-services-measurement:17.4.1] AndroidManifest.xml:36:13-84
166            android:enabled="true"
166-->[com.google.android.gms:play-services-measurement:17.4.1] AndroidManifest.xml:37:13-35
167            android:exported="false" />
167-->[com.google.android.gms:play-services-measurement:17.4.1] AndroidManifest.xml:38:13-37
168        <service
168-->[com.google.android.gms:play-services-measurement:17.4.1] AndroidManifest.xml:39:9-43:72
169            android:name="com.google.android.gms.measurement.AppMeasurementJobService"
169-->[com.google.android.gms:play-services-measurement:17.4.1] AndroidManifest.xml:40:13-87
170            android:enabled="true"
170-->[com.google.android.gms:play-services-measurement:17.4.1] AndroidManifest.xml:41:13-35
171            android:exported="false"
171-->[com.google.android.gms:play-services-measurement:17.4.1] AndroidManifest.xml:42:13-37
172            android:permission="android.permission.BIND_JOB_SERVICE" />
172-->[com.google.android.gms:play-services-measurement:17.4.1] AndroidManifest.xml:43:13-69
173
174        <meta-data
174-->[com.google.android.gms:play-services-basement:17.0.0] AndroidManifest.xml:23:9-25:69
175            android:name="com.google.android.gms.version"
175-->[com.google.android.gms:play-services-basement:17.0.0] AndroidManifest.xml:24:13-58
176            android:value="@integer/google_play_services_version" />
176-->[com.google.android.gms:play-services-basement:17.0.0] AndroidManifest.xml:25:13-66
177    </application>
178
179</manifest>